Collecting PyYAML==5.3.1 (from -r D:/Windsor/WindsorThesis/Git repo/Thesis-Project-Python-Dependency-Conflict-Resolution/Dataset/gist/main_gist\requirements.7275456.txt (line 1))
  Downloading PyYAML-5.3.1.tar.gz (269 kB)
     -------------------------------------- 269.4/269.4 kB 1.5 MB/s eta 0:00:00
  Installing build dependencies: started
  Installing build dependencies: finished with status 'done'
  Getting requirements to build wheel: started
  Getting requirements to build wheel: finished with status 'done'
  Preparing metadata (pyproject.toml): started
  Preparing metadata (pyproject.toml): finished with status 'done'
Collecting secrets==1.0.2 (from -r D:/Windsor/WindsorThesis/Git repo/Thesis-Project-Python-Dependency-Conflict-Resolution/Dataset/gist/main_gist\requirements.7275456.txt (line 2))
  Downloading secrets-1.0.2.tar.gz (7.9 kB)
  Installing build dependencies: started
  Installing build dependencies: finished with status 'done'
  Getting requirements to build wheel: started
  Getting requirements to build wheel: finished with status 'error'
  error: subprocess-exited-with-error
  
  Getting requirements to build wheel did not run successfully.
  exit code: 1
  
  [26 lines of output]
  Traceback (most recent call last):
    File "<string>", line 10, in <module>
  ModuleNotFoundError: No module named 'OpenSSL'
  
  During handling of the above exception, another exception occurred:
  
  Traceback (most recent call last):
    File "D:\Windsor\WindsorThesis\Git repo\Thesis-Project-Python-Dependency-Conflict-Resolution\pipTest\myenv\Lib\site-packages\pip\_vendor\pyproject_hooks\_in_process\_in_process.py", line 353, in <module>
      main()
    File "D:\Windsor\WindsorThesis\Git repo\Thesis-Project-Python-Dependency-Conflict-Resolution\pipTest\myenv\Lib\site-packages\pip\_vendor\pyproject_hooks\_in_process\_in_process.py", line 335, in main
      json_out['return_val'] = hook(**hook_input['kwargs'])
                               ^^^^^^^^^^^^^^^^^^^^^^^^^^^^
    File "D:\Windsor\WindsorThesis\Git repo\Thesis-Project-Python-Dependency-Conflict-Resolution\pipTest\myenv\Lib\site-packages\pip\_vendor\pyproject_hooks\_in_process\_in_process.py", line 118, in get_requires_for_build_wheel
      return hook(config_settings)
             ^^^^^^^^^^^^^^^^^^^^^
    File "C:\Users\ASUS\AppData\Local\Temp\pip-build-env-758vuaui\overlay\Lib\site-packages\setuptools\build_meta.py", line 327, in get_requires_for_build_wheel
      return self._get_build_requires(config_settings, requirements=[])
             ^^^^^^^^^^^^^^^^^^^^^^^^^^^^^^^^^^^^^^^^^^^^^^^^^^^^^^^^^^
    File "C:\Users\ASUS\AppData\Local\Temp\pip-build-env-758vuaui\overlay\Lib\site-packages\setuptools\build_meta.py", line 297, in _get_build_requires
      self.run_setup()
    File "C:\Users\ASUS\AppData\Local\Temp\pip-build-env-758vuaui\overlay\Lib\site-packages\setuptools\build_meta.py", line 497, in run_setup
      super().run_setup(setup_script=setup_script)
    File "C:\Users\ASUS\AppData\Local\Temp\pip-build-env-758vuaui\overlay\Lib\site-packages\setuptools\build_meta.py", line 313, in run_setup
      exec(code, locals())
    File "<string>", line 12, in <module>
  ImportError: Installing this module requires OpenSSL python bindings
  [end of output]
  
  note: This error originates from a subprocess, and is likely not a problem with pip.
error: subprocess-exited-with-error

Getting requirements to build wheel did not run successfully.
exit code: 1

See above for output.

note: This error originates from a subprocess, and is likely not a problem with pip.

[notice] A new release of pip is available: 23.2.1 -> 24.1.2
[notice] To update, run: D:\Windsor\WindsorThesis\Git repo\Thesis-Project-Python-Dependency-Conflict-Resolution\pipTest\myenv\Scripts\python.exe -m pip install --upgrade pip
